ERROR - 2025-08-21 03:53:16 --> mysqli_sql_exception: Duplicate entry '' for key 'users.student_id' in C:\xampp1\htdocs\ITE311-EGARAN\system\Database\MySQLi\Connection.php:327
Stack trace:
#0 C:\xampp1\htdocs\ITE311-EGARAN\system\Database\MySQLi\Connection.php(327): mysqli->query('INSERT INTO `us...', 0)
#1 C:\xampp1\htdocs\ITE311-EGARAN\system\Database\BaseConnection.php(729): CodeIgniter\Database\MySQLi\Connection->execute('INSERT INTO `us...')
#2 C:\xampp1\htdocs\ITE311-EGARAN\system\Database\BaseConnection.php(646): CodeIgniter\Database\BaseConnection->simpleQuery('INSERT INTO `us...')
#3 C:\xampp1\htdocs\ITE311-EGARAN\system\Database\BaseBuilder.php(1841): CodeIgniter\Database\BaseConnection->query('INSERT INTO `us...', NULL, false)
#4 C:\xampp1\htdocs\ITE311-EGARAN\system\Database\BaseBuilder.php(2230): CodeIgniter\Database\BaseBuilder->batchExecute('_insertBatch', 100)
#5 C:\xampp1\htdocs\ITE311-EGARAN\app\Database\Seeds\UserSeeder.php(39): CodeIgniter\Database\BaseBuilder->insertBatch(Array)
#6 C:\xampp1\htdocs\ITE311-EGARAN\system\Database\Seeder.php(149): App\Database\Seeds\UserSeeder->run()
#7 C:\xampp1\htdocs\ITE311-EGARAN\system\Commands\Database\Seed.php(79): CodeIgniter\Database\Seeder->call('App\\Database\\Se...')
#8 C:\xampp1\htdocs\ITE311-EGARAN\system\CLI\Commands.php(74): CodeIgniter\Commands\Database\Seed->run(Array)
#9 C:\xampp1\htdocs\ITE311-EGARAN\system\CLI\Console.php(47): CodeIgniter\CLI\Commands->run('db:seed', Array)
#10 C:\xampp1\htdocs\ITE311-EGARAN\system\Boot.php(388): CodeIgniter\CLI\Console->run()
#11 C:\xampp1\htdocs\ITE311-EGARAN\system\Boot.php(133): CodeIgniter\Boot::runCommand(Object(CodeIgniter\CLI\Console))
#12 C:\xampp1\htdocs\ITE311-EGARAN\spark(87): CodeIgniter\Boot::bootSpark(Object(Config\Paths))
#13 {main}
ERROR - 2025-08-21 03:54:39 --> mysqli_sql_exception: Duplicate entry '' for key 'users.student_id' in C:\xampp1\htdocs\ITE311-EGARAN\system\Database\MySQLi\Connection.php:327
Stack trace:
#0 C:\xampp1\htdocs\ITE311-EGARAN\system\Database\MySQLi\Connection.php(327): mysqli->query('INSERT INTO `us...', 0)
#1 C:\xampp1\htdocs\ITE311-EGARAN\system\Database\BaseConnection.php(729): CodeIgniter\Database\MySQLi\Connection->execute('INSERT INTO `us...')
#2 C:\xampp1\htdocs\ITE311-EGARAN\system\Database\BaseConnection.php(646): CodeIgniter\Database\BaseConnection->simpleQuery('INSERT INTO `us...')
#3 C:\xampp1\htdocs\ITE311-EGARAN\system\Database\BaseBuilder.php(1841): CodeIgniter\Database\BaseConnection->query('INSERT INTO `us...', NULL, false)
#4 C:\xampp1\htdocs\ITE311-EGARAN\system\Database\BaseBuilder.php(2230): CodeIgniter\Database\BaseBuilder->batchExecute('_insertBatch', 100)
#5 C:\xampp1\htdocs\ITE311-EGARAN\app\Database\Seeds\UserSeeder.php(39): CodeIgniter\Database\BaseBuilder->insertBatch(Array)
#6 C:\xampp1\htdocs\ITE311-EGARAN\system\Database\Seeder.php(149): App\Database\Seeds\UserSeeder->run()
#7 C:\xampp1\htdocs\ITE311-EGARAN\system\Commands\Database\Seed.php(79): CodeIgniter\Database\Seeder->call('App\\Database\\Se...')
#8 C:\xampp1\htdocs\ITE311-EGARAN\system\CLI\Commands.php(74): CodeIgniter\Commands\Database\Seed->run(Array)
#9 C:\xampp1\htdocs\ITE311-EGARAN\system\CLI\Console.php(47): CodeIgniter\CLI\Commands->run('db:seed', Array)
#10 C:\xampp1\htdocs\ITE311-EGARAN\system\Boot.php(388): CodeIgniter\CLI\Console->run()
#11 C:\xampp1\htdocs\ITE311-EGARAN\system\Boot.php(133): CodeIgniter\Boot::runCommand(Object(CodeIgniter\CLI\Console))
#12 C:\xampp1\htdocs\ITE311-EGARAN\spark(87): CodeIgniter\Boot::bootSpark(Object(Config\Paths))
#13 {main}
ERROR - 2025-08-21 05:20:08 --> mysqli_sql_exception: Duplicate entry '' for key 'users.student_id' in C:\xampp1\htdocs\ITE311-EGARAN\system\Database\MySQLi\Connection.php:327
Stack trace:
#0 C:\xampp1\htdocs\ITE311-EGARAN\system\Database\MySQLi\Connection.php(327): mysqli->query('INSERT INTO `us...', 0)
#1 C:\xampp1\htdocs\ITE311-EGARAN\system\Database\BaseConnection.php(729): CodeIgniter\Database\MySQLi\Connection->execute('INSERT INTO `us...')
#2 C:\xampp1\htdocs\ITE311-EGARAN\system\Database\BaseConnection.php(646): CodeIgniter\Database\BaseConnection->simpleQuery('INSERT INTO `us...')
#3 C:\xampp1\htdocs\ITE311-EGARAN\system\Database\BaseBuilder.php(1841): CodeIgniter\Database\BaseConnection->query('INSERT INTO `us...', NULL, false)
#4 C:\xampp1\htdocs\ITE311-EGARAN\system\Database\BaseBuilder.php(2230): CodeIgniter\Database\BaseBuilder->batchExecute('_insertBatch', 100)
#5 C:\xampp1\htdocs\ITE311-EGARAN\app\Database\Seeds\UserSeeder.php(39): CodeIgniter\Database\BaseBuilder->insertBatch(Array)
#6 C:\xampp1\htdocs\ITE311-EGARAN\system\Database\Seeder.php(149): App\Database\Seeds\UserSeeder->run()
#7 C:\xampp1\htdocs\ITE311-EGARAN\system\Commands\Database\Seed.php(79): CodeIgniter\Database\Seeder->call('App\\Database\\Se...')
#8 C:\xampp1\htdocs\ITE311-EGARAN\system\CLI\Commands.php(74): CodeIgniter\Commands\Database\Seed->run(Array)
#9 C:\xampp1\htdocs\ITE311-EGARAN\system\CLI\Console.php(47): CodeIgniter\CLI\Commands->run('db:seed', Array)
#10 C:\xampp1\htdocs\ITE311-EGARAN\system\Boot.php(388): CodeIgniter\CLI\Console->run()
#11 C:\xampp1\htdocs\ITE311-EGARAN\system\Boot.php(133): CodeIgniter\Boot::runCommand(Object(CodeIgniter\CLI\Console))
#12 C:\xampp1\htdocs\ITE311-EGARAN\spark(87): CodeIgniter\Boot::bootSpark(Object(Config\Paths))
#13 {main}
ERROR - 2025-08-21 06:56:56 --> mysqli_sql_exception: Duplicate entry '' for key 'users.student_id' in C:\xampp1\htdocs\ITE311-EGARAN\system\Database\MySQLi\Connection.php:327
Stack trace:
#0 C:\xampp1\htdocs\ITE311-EGARAN\system\Database\MySQLi\Connection.php(327): mysqli->query('INSERT INTO `us...', 0)
#1 C:\xampp1\htdocs\ITE311-EGARAN\system\Database\BaseConnection.php(729): CodeIgniter\Database\MySQLi\Connection->execute('INSERT INTO `us...')
#2 C:\xampp1\htdocs\ITE311-EGARAN\system\Database\BaseConnection.php(646): CodeIgniter\Database\BaseConnection->simpleQuery('INSERT INTO `us...')
#3 C:\xampp1\htdocs\ITE311-EGARAN\system\Database\BaseBuilder.php(1841): CodeIgniter\Database\BaseConnection->query('INSERT INTO `us...', NULL, false)
#4 C:\xampp1\htdocs\ITE311-EGARAN\system\Database\BaseBuilder.php(2230): CodeIgniter\Database\BaseBuilder->batchExecute('_insertBatch', 100)
#5 C:\xampp1\htdocs\ITE311-EGARAN\app\Database\Seeds\UserSeeder.php(47): CodeIgniter\Database\BaseBuilder->insertBatch(Array)
#6 C:\xampp1\htdocs\ITE311-EGARAN\system\Database\Seeder.php(149): App\Database\Seeds\UserSeeder->run()
#7 C:\xampp1\htdocs\ITE311-EGARAN\system\Commands\Database\Seed.php(79): CodeIgniter\Database\Seeder->call('App\\Database\\Se...')
#8 C:\xampp1\htdocs\ITE311-EGARAN\system\CLI\Commands.php(74): CodeIgniter\Commands\Database\Seed->run(Array)
#9 C:\xampp1\htdocs\ITE311-EGARAN\system\CLI\Console.php(47): CodeIgniter\CLI\Commands->run('db:seed', Array)
#10 C:\xampp1\htdocs\ITE311-EGARAN\system\Boot.php(388): CodeIgniter\CLI\Console->run()
#11 C:\xampp1\htdocs\ITE311-EGARAN\system\Boot.php(133): CodeIgniter\Boot::runCommand(Object(CodeIgniter\CLI\Console))
#12 C:\xampp1\htdocs\ITE311-EGARAN\spark(87): CodeIgniter\Boot::bootSpark(Object(Config\Paths))
#13 {main}
ERROR - 2025-08-21 07:38:09 --> mysqli_sql_exception: Duplicate entry '' for key 'users.student_id' in C:\xampp1\htdocs\ITE311-EGARAN\system\Database\MySQLi\Connection.php:327
Stack trace:
#0 C:\xampp1\htdocs\ITE311-EGARAN\system\Database\MySQLi\Connection.php(327): mysqli->query('INSERT INTO `us...', 0)
#1 C:\xampp1\htdocs\ITE311-EGARAN\system\Database\BaseConnection.php(729): CodeIgniter\Database\MySQLi\Connection->execute('INSERT INTO `us...')
#2 C:\xampp1\htdocs\ITE311-EGARAN\system\Database\BaseConnection.php(646): CodeIgniter\Database\BaseConnection->simpleQuery('INSERT INTO `us...')
#3 C:\xampp1\htdocs\ITE311-EGARAN\system\Database\BaseBuilder.php(1841): CodeIgniter\Database\BaseConnection->query('INSERT INTO `us...', NULL, false)
#4 C:\xampp1\htdocs\ITE311-EGARAN\system\Database\BaseBuilder.php(2230): CodeIgniter\Database\BaseBuilder->batchExecute('_insertBatch', 100)
#5 C:\xampp1\htdocs\ITE311-EGARAN\app\Database\Seeds\UserSeeder.php(47): CodeIgniter\Database\BaseBuilder->insertBatch(Array)
#6 C:\xampp1\htdocs\ITE311-EGARAN\system\Database\Seeder.php(149): App\Database\Seeds\UserSeeder->run()
#7 C:\xampp1\htdocs\ITE311-EGARAN\system\Commands\Database\Seed.php(79): CodeIgniter\Database\Seeder->call('App\\Database\\Se...')
#8 C:\xampp1\htdocs\ITE311-EGARAN\system\CLI\Commands.php(74): CodeIgniter\Commands\Database\Seed->run(Array)
#9 C:\xampp1\htdocs\ITE311-EGARAN\system\CLI\Console.php(47): CodeIgniter\CLI\Commands->run('db:seed', Array)
#10 C:\xampp1\htdocs\ITE311-EGARAN\system\Boot.php(388): CodeIgniter\CLI\Console->run()
#11 C:\xampp1\htdocs\ITE311-EGARAN\system\Boot.php(133): CodeIgniter\Boot::runCommand(Object(CodeIgniter\CLI\Console))
#12 C:\xampp1\htdocs\ITE311-EGARAN\spark(87): CodeIgniter\Boot::bootSpark(Object(Config\Paths))
#13 {main}
ERROR - 2025-08-21 07:44:25 --> mysqli_sql_exception: Table 'users' already exists in C:\xampp1\htdocs\ITE311-EGARAN\system\Database\MySQLi\Connection.php:327
Stack trace:
#0 C:\xampp1\htdocs\ITE311-EGARAN\system\Database\MySQLi\Connection.php(327): mysqli->query('CREATE TABLE `u...', 0)
#1 C:\xampp1\htdocs\ITE311-EGARAN\system\Database\BaseConnection.php(729): CodeIgniter\Database\MySQLi\Connection->execute('CREATE TABLE `u...')
#2 C:\xampp1\htdocs\ITE311-EGARAN\system\Database\BaseConnection.php(646): CodeIgniter\Database\BaseConnection->simpleQuery('CREATE TABLE `u...')
#3 C:\xampp1\htdocs\ITE311-EGARAN\system\Database\Forge.php(570): CodeIgniter\Database\BaseConnection->query('CREATE TABLE `u...')
#4 C:\xampp1\htdocs\ITE311-EGARAN\app\Database\Migrations\2025-08-20-082415_CreateUsersTable.php(51): CodeIgniter\Database\Forge->createTable('users')
#5 C:\xampp1\htdocs\ITE311-EGARAN\system\Database\MigrationRunner.php(876): App\Database\Migrations\CreateUsersTable->up()
#6 C:\xampp1\htdocs\ITE311-EGARAN\system\Database\MigrationRunner.php(182): CodeIgniter\Database\MigrationRunner->migrate('up', Object(stdClass))
#7 C:\xampp1\htdocs\ITE311-EGARAN\system\Commands\Database\Migrate.php(85): CodeIgniter\Database\MigrationRunner->latest(NULL)
#8 C:\xampp1\htdocs\ITE311-EGARAN\system\CLI\Commands.php(74): CodeIgniter\Commands\Database\Migrate->run(Array)
#9 C:\xampp1\htdocs\ITE311-EGARAN\system\CLI\Console.php(47): CodeIgniter\CLI\Commands->run('migrate', Array)
#10 C:\xampp1\htdocs\ITE311-EGARAN\system\Boot.php(388): CodeIgniter\CLI\Console->run()
#11 C:\xampp1\htdocs\ITE311-EGARAN\system\Boot.php(133): CodeIgniter\Boot::runCommand(Object(CodeIgniter\CLI\Console))
#12 C:\xampp1\htdocs\ITE311-EGARAN\spark(87): CodeIgniter\Boot::bootSpark(Object(Config\Paths))
#13 {main}
ERROR - 2025-08-21 07:44:30 --> mysqli_sql_exception: Table 'users' already exists in C:\xampp1\htdocs\ITE311-EGARAN\system\Database\MySQLi\Connection.php:327
Stack trace:
#0 C:\xampp1\htdocs\ITE311-EGARAN\system\Database\MySQLi\Connection.php(327): mysqli->query('CREATE TABLE `u...', 0)
#1 C:\xampp1\htdocs\ITE311-EGARAN\system\Database\BaseConnection.php(729): CodeIgniter\Database\MySQLi\Connection->execute('CREATE TABLE `u...')
#2 C:\xampp1\htdocs\ITE311-EGARAN\system\Database\BaseConnection.php(646): CodeIgniter\Database\BaseConnection->simpleQuery('CREATE TABLE `u...')
#3 C:\xampp1\htdocs\ITE311-EGARAN\system\Database\Forge.php(570): CodeIgniter\Database\BaseConnection->query('CREATE TABLE `u...')
#4 C:\xampp1\htdocs\ITE311-EGARAN\app\Database\Migrations\2025-08-20-082415_CreateUsersTable.php(51): CodeIgniter\Database\Forge->createTable('users')
#5 C:\xampp1\htdocs\ITE311-EGARAN\system\Database\MigrationRunner.php(876): App\Database\Migrations\CreateUsersTable->up()
#6 C:\xampp1\htdocs\ITE311-EGARAN\system\Database\MigrationRunner.php(182): CodeIgniter\Database\MigrationRunner->migrate('up', Object(stdClass))
#7 C:\xampp1\htdocs\ITE311-EGARAN\system\Commands\Database\Migrate.php(85): CodeIgniter\Database\MigrationRunner->latest(NULL)
#8 C:\xampp1\htdocs\ITE311-EGARAN\system\CLI\Commands.php(74): CodeIgniter\Commands\Database\Migrate->run(Array)
#9 C:\xampp1\htdocs\ITE311-EGARAN\system\CLI\BaseCommand.php(119): CodeIgniter\CLI\Commands->run('migrate', Array)
#10 C:\xampp1\htdocs\ITE311-EGARAN\system\Commands\Database\MigrateRefresh.php(87): CodeIgniter\CLI\BaseCommand->call('migrate', Array)
#11 C:\xampp1\htdocs\ITE311-EGARAN\system\CLI\Commands.php(74): CodeIgniter\Commands\Database\MigrateRefresh->run(Array)
#12 C:\xampp1\htdocs\ITE311-EGARAN\system\CLI\Console.php(47): CodeIgniter\CLI\Commands->run('migrate:refresh', Array)
#13 C:\xampp1\htdocs\ITE311-EGARAN\system\Boot.php(388): CodeIgniter\CLI\Console->run()
#14 C:\xampp1\htdocs\ITE311-EGARAN\system\Boot.php(133): CodeIgniter\Boot::runCommand(Object(CodeIgniter\CLI\Console))
#15 C:\xampp1\htdocs\ITE311-EGARAN\spark(87): CodeIgniter\Boot::bootSpark(Object(Config\Paths))
#16 {main}
ERROR - 2025-08-21 07:47:23 --> mysqli_sql_exception: Table 'users' already exists in C:\xampp1\htdocs\ITE311-EGARAN\system\Database\MySQLi\Connection.php:327
Stack trace:
#0 C:\xampp1\htdocs\ITE311-EGARAN\system\Database\MySQLi\Connection.php(327): mysqli->query('CREATE TABLE `u...', 0)
#1 C:\xampp1\htdocs\ITE311-EGARAN\system\Database\BaseConnection.php(729): CodeIgniter\Database\MySQLi\Connection->execute('CREATE TABLE `u...')
#2 C:\xampp1\htdocs\ITE311-EGARAN\system\Database\BaseConnection.php(646): CodeIgniter\Database\BaseConnection->simpleQuery('CREATE TABLE `u...')
#3 C:\xampp1\htdocs\ITE311-EGARAN\system\Database\Forge.php(570): CodeIgniter\Database\BaseConnection->query('CREATE TABLE `u...')
#4 C:\xampp1\htdocs\ITE311-EGARAN\app\Database\Migrations\2025-08-20-082415_CreateUsersTable.php(51): CodeIgniter\Database\Forge->createTable('users')
#5 C:\xampp1\htdocs\ITE311-EGARAN\system\Database\MigrationRunner.php(876): App\Database\Migrations\CreateUsersTable->up()
#6 C:\xampp1\htdocs\ITE311-EGARAN\system\Database\MigrationRunner.php(182): CodeIgniter\Database\MigrationRunner->migrate('up', Object(stdClass))
#7 C:\xampp1\htdocs\ITE311-EGARAN\system\Commands\Database\Migrate.php(85): CodeIgniter\Database\MigrationRunner->latest(NULL)
#8 C:\xampp1\htdocs\ITE311-EGARAN\system\CLI\Commands.php(74): CodeIgniter\Commands\Database\Migrate->run(Array)
#9 C:\xampp1\htdocs\ITE311-EGARAN\system\CLI\Console.php(47): CodeIgniter\CLI\Commands->run('migrate', Array)
#10 C:\xampp1\htdocs\ITE311-EGARAN\system\Boot.php(388): CodeIgniter\CLI\Console->run()
#11 C:\xampp1\htdocs\ITE311-EGARAN\system\Boot.php(133): CodeIgniter\Boot::runCommand(Object(CodeIgniter\CLI\Console))
#12 C:\xampp1\htdocs\ITE311-EGARAN\spark(87): CodeIgniter\Boot::bootSpark(Object(Config\Paths))
#13 {main}
ERROR - 2025-08-21 07:50:52 --> mysqli_sql_exception: Table 'users' already exists in C:\xampp1\htdocs\ITE311-EGARAN\system\Database\MySQLi\Connection.php:327
Stack trace:
#0 C:\xampp1\htdocs\ITE311-EGARAN\system\Database\MySQLi\Connection.php(327): mysqli->query('CREATE TABLE `u...', 0)
#1 C:\xampp1\htdocs\ITE311-EGARAN\system\Database\BaseConnection.php(729): CodeIgniter\Database\MySQLi\Connection->execute('CREATE TABLE `u...')
#2 C:\xampp1\htdocs\ITE311-EGARAN\system\Database\BaseConnection.php(646): CodeIgniter\Database\BaseConnection->simpleQuery('CREATE TABLE `u...')
#3 C:\xampp1\htdocs\ITE311-EGARAN\system\Database\Forge.php(570): CodeIgniter\Database\BaseConnection->query('CREATE TABLE `u...')
#4 C:\xampp1\htdocs\ITE311-EGARAN\app\Database\Migrations\2025-08-20-082415_CreateUsersTable.php(51): CodeIgniter\Database\Forge->createTable('users')
#5 C:\xampp1\htdocs\ITE311-EGARAN\system\Database\MigrationRunner.php(876): App\Database\Migrations\CreateUsersTable->up()
#6 C:\xampp1\htdocs\ITE311-EGARAN\system\Database\MigrationRunner.php(182): CodeIgniter\Database\MigrationRunner->migrate('up', Object(stdClass))
#7 C:\xampp1\htdocs\ITE311-EGARAN\system\Commands\Database\Migrate.php(85): CodeIgniter\Database\MigrationRunner->latest(NULL)
#8 C:\xampp1\htdocs\ITE311-EGARAN\system\CLI\Commands.php(74): CodeIgniter\Commands\Database\Migrate->run(Array)
#9 C:\xampp1\htdocs\ITE311-EGARAN\system\CLI\Console.php(47): CodeIgniter\CLI\Commands->run('migrate', Array)
#10 C:\xampp1\htdocs\ITE311-EGARAN\system\Boot.php(388): CodeIgniter\CLI\Console->run()
#11 C:\xampp1\htdocs\ITE311-EGARAN\system\Boot.php(133): CodeIgniter\Boot::runCommand(Object(CodeIgniter\CLI\Console))
#12 C:\xampp1\htdocs\ITE311-EGARAN\spark(87): CodeIgniter\Boot::bootSpark(Object(Config\Paths))
#13 {main}
ERROR - 2025-08-21 07:54:20 --> mysqli_sql_exception: Table 'users' already exists in C:\xampp1\htdocs\ITE311-EGARAN\system\Database\MySQLi\Connection.php:327
Stack trace:
#0 C:\xampp1\htdocs\ITE311-EGARAN\system\Database\MySQLi\Connection.php(327): mysqli->query('CREATE TABLE `u...', 0)
#1 C:\xampp1\htdocs\ITE311-EGARAN\system\Database\BaseConnection.php(729): CodeIgniter\Database\MySQLi\Connection->execute('CREATE TABLE `u...')
#2 C:\xampp1\htdocs\ITE311-EGARAN\system\Database\BaseConnection.php(646): CodeIgniter\Database\BaseConnection->simpleQuery('CREATE TABLE `u...')
#3 C:\xampp1\htdocs\ITE311-EGARAN\system\Database\Forge.php(570): CodeIgniter\Database\BaseConnection->query('CREATE TABLE `u...')
#4 C:\xampp1\htdocs\ITE311-EGARAN\app\Database\Migrations\2025-08-20-082415_CreateUsersTable.php(51): CodeIgniter\Database\Forge->createTable('users')
#5 C:\xampp1\htdocs\ITE311-EGARAN\system\Database\MigrationRunner.php(876): App\Database\Migrations\CreateUsersTable->up()
#6 C:\xampp1\htdocs\ITE311-EGARAN\system\Database\MigrationRunner.php(182): CodeIgniter\Database\MigrationRunner->migrate('up', Object(stdClass))
#7 C:\xampp1\htdocs\ITE311-EGARAN\system\Commands\Database\Migrate.php(85): CodeIgniter\Database\MigrationRunner->latest(NULL)
#8 C:\xampp1\htdocs\ITE311-EGARAN\system\CLI\Commands.php(74): CodeIgniter\Commands\Database\Migrate->run(Array)
#9 C:\xampp1\htdocs\ITE311-EGARAN\system\CLI\Console.php(47): CodeIgniter\CLI\Commands->run('migrate', Array)
#10 C:\xampp1\htdocs\ITE311-EGARAN\system\Boot.php(388): CodeIgniter\CLI\Console->run()
#11 C:\xampp1\htdocs\ITE311-EGARAN\system\Boot.php(133): CodeIgniter\Boot::runCommand(Object(CodeIgniter\CLI\Console))
#12 C:\xampp1\htdocs\ITE311-EGARAN\spark(87): CodeIgniter\Boot::bootSpark(Object(Config\Paths))
#13 {main}
ERROR - 2025-08-21 07:54:26 --> mysqli_sql_exception: Duplicate entry '' for key 'users.student_id' in C:\xampp1\htdocs\ITE311-EGARAN\system\Database\MySQLi\Connection.php:327
Stack trace:
#0 C:\xampp1\htdocs\ITE311-EGARAN\system\Database\MySQLi\Connection.php(327): mysqli->query('INSERT INTO `us...', 0)
#1 C:\xampp1\htdocs\ITE311-EGARAN\system\Database\BaseConnection.php(729): CodeIgniter\Database\MySQLi\Connection->execute('INSERT INTO `us...')
#2 C:\xampp1\htdocs\ITE311-EGARAN\system\Database\BaseConnection.php(646): CodeIgniter\Database\BaseConnection->simpleQuery('INSERT INTO `us...')
#3 C:\xampp1\htdocs\ITE311-EGARAN\system\Database\BaseBuilder.php(1841): CodeIgniter\Database\BaseConnection->query('INSERT INTO `us...', NULL, false)
#4 C:\xampp1\htdocs\ITE311-EGARAN\system\Database\BaseBuilder.php(2230): CodeIgniter\Database\BaseBuilder->batchExecute('_insertBatch', 100)
#5 C:\xampp1\htdocs\ITE311-EGARAN\app\Database\Seeds\UserSeeder.php(46): CodeIgniter\Database\BaseBuilder->insertBatch(Array)
#6 C:\xampp1\htdocs\ITE311-EGARAN\system\Database\Seeder.php(149): App\Database\Seeds\UserSeeder->run()
#7 C:\xampp1\htdocs\ITE311-EGARAN\system\Commands\Database\Seed.php(79): CodeIgniter\Database\Seeder->call('App\\Database\\Se...')
#8 C:\xampp1\htdocs\ITE311-EGARAN\system\CLI\Commands.php(74): CodeIgniter\Commands\Database\Seed->run(Array)
#9 C:\xampp1\htdocs\ITE311-EGARAN\system\CLI\Console.php(47): CodeIgniter\CLI\Commands->run('db:seed', Array)
#10 C:\xampp1\htdocs\ITE311-EGARAN\system\Boot.php(388): CodeIgniter\CLI\Console->run()
#11 C:\xampp1\htdocs\ITE311-EGARAN\system\Boot.php(133): CodeIgniter\Boot::runCommand(Object(CodeIgniter\CLI\Console))
#12 C:\xampp1\htdocs\ITE311-EGARAN\spark(87): CodeIgniter\Boot::bootSpark(Object(Config\Paths))
#13 {main}
ERROR - 2025-08-21 07:56:28 --> mysqli_sql_exception: Table 'users' already exists in C:\xampp1\htdocs\ITE311-EGARAN\system\Database\MySQLi\Connection.php:327
Stack trace:
#0 C:\xampp1\htdocs\ITE311-EGARAN\system\Database\MySQLi\Connection.php(327): mysqli->query('CREATE TABLE `u...', 0)
#1 C:\xampp1\htdocs\ITE311-EGARAN\system\Database\BaseConnection.php(729): CodeIgniter\Database\MySQLi\Connection->execute('CREATE TABLE `u...')
#2 C:\xampp1\htdocs\ITE311-EGARAN\system\Database\BaseConnection.php(646): CodeIgniter\Database\BaseConnection->simpleQuery('CREATE TABLE `u...')
#3 C:\xampp1\htdocs\ITE311-EGARAN\system\Database\Forge.php(570): CodeIgniter\Database\BaseConnection->query('CREATE TABLE `u...')
#4 C:\xampp1\htdocs\ITE311-EGARAN\app\Database\Migrations\2025-08-20-082415_CreateUsersTable.php(50): CodeIgniter\Database\Forge->createTable('users')
#5 C:\xampp1\htdocs\ITE311-EGARAN\system\Database\MigrationRunner.php(876): App\Database\Migrations\CreateUsersTable->up()
#6 C:\xampp1\htdocs\ITE311-EGARAN\system\Database\MigrationRunner.php(182): CodeIgniter\Database\MigrationRunner->migrate('up', Object(stdClass))
#7 C:\xampp1\htdocs\ITE311-EGARAN\system\Commands\Database\Migrate.php(85): CodeIgniter\Database\MigrationRunner->latest(NULL)
#8 C:\xampp1\htdocs\ITE311-EGARAN\system\CLI\Commands.php(74): CodeIgniter\Commands\Database\Migrate->run(Array)
#9 C:\xampp1\htdocs\ITE311-EGARAN\system\CLI\Console.php(47): CodeIgniter\CLI\Commands->run('migrate', Array)
#10 C:\xampp1\htdocs\ITE311-EGARAN\system\Boot.php(388): CodeIgniter\CLI\Console->run()
#11 C:\xampp1\htdocs\ITE311-EGARAN\system\Boot.php(133): CodeIgniter\Boot::runCommand(Object(CodeIgniter\CLI\Console))
#12 C:\xampp1\htdocs\ITE311-EGARAN\spark(87): CodeIgniter\Boot::bootSpark(Object(Config\Paths))
#13 {main}
ERROR - 2025-08-21 07:56:30 --> mysqli_sql_exception: Duplicate entry '' for key 'users.student_id' in C:\xampp1\htdocs\ITE311-EGARAN\system\Database\MySQLi\Connection.php:327
Stack trace:
#0 C:\xampp1\htdocs\ITE311-EGARAN\system\Database\MySQLi\Connection.php(327): mysqli->query('INSERT INTO `us...', 0)
#1 C:\xampp1\htdocs\ITE311-EGARAN\system\Database\BaseConnection.php(729): CodeIgniter\Database\MySQLi\Connection->execute('INSERT INTO `us...')
#2 C:\xampp1\htdocs\ITE311-EGARAN\system\Database\BaseConnection.php(646): CodeIgniter\Database\BaseConnection->simpleQuery('INSERT INTO `us...')
#3 C:\xampp1\htdocs\ITE311-EGARAN\system\Database\BaseBuilder.php(1841): CodeIgniter\Database\BaseConnection->query('INSERT INTO `us...', NULL, false)
#4 C:\xampp1\htdocs\ITE311-EGARAN\system\Database\BaseBuilder.php(2230): CodeIgniter\Database\BaseBuilder->batchExecute('_insertBatch', 100)
#5 C:\xampp1\htdocs\ITE311-EGARAN\app\Database\Seeds\UserSeeder.php(50): CodeIgniter\Database\BaseBuilder->insertBatch(Array)
#6 C:\xampp1\htdocs\ITE311-EGARAN\system\Database\Seeder.php(149): App\Database\Seeds\UserSeeder->run()
#7 C:\xampp1\htdocs\ITE311-EGARAN\system\Commands\Database\Seed.php(79): CodeIgniter\Database\Seeder->call('App\\Database\\Se...')
#8 C:\xampp1\htdocs\ITE311-EGARAN\system\CLI\Commands.php(74): CodeIgniter\Commands\Database\Seed->run(Array)
#9 C:\xampp1\htdocs\ITE311-EGARAN\system\CLI\Console.php(47): CodeIgniter\CLI\Commands->run('db:seed', Array)
#10 C:\xampp1\htdocs\ITE311-EGARAN\system\Boot.php(388): CodeIgniter\CLI\Console->run()
#11 C:\xampp1\htdocs\ITE311-EGARAN\system\Boot.php(133): CodeIgniter\Boot::runCommand(Object(CodeIgniter\CLI\Console))
#12 C:\xampp1\htdocs\ITE311-EGARAN\spark(87): CodeIgniter\Boot::bootSpark(Object(Config\Paths))
#13 {main}
ERROR - 2025-08-21 08:09:31 --> mysqli_sql_exception: Unknown table 'lms_egarans.submissions' in C:\xampp1\htdocs\ITE311-EGARAN\system\Database\MySQLi\Connection.php:327
Stack trace:
#0 C:\xampp1\htdocs\ITE311-EGARAN\system\Database\MySQLi\Connection.php(327): mysqli->query('DROP TABLE `sub...', 0)
#1 C:\xampp1\htdocs\ITE311-EGARAN\system\Database\BaseConnection.php(729): CodeIgniter\Database\MySQLi\Connection->execute('DROP TABLE `sub...')
#2 C:\xampp1\htdocs\ITE311-EGARAN\system\Database\BaseConnection.php(646): CodeIgniter\Database\BaseConnection->simpleQuery('DROP TABLE `sub...')
#3 C:\xampp1\htdocs\ITE311-EGARAN\system\Database\Forge.php(663): CodeIgniter\Database\BaseConnection->query('DROP TABLE `sub...')
#4 C:\xampp1\htdocs\ITE311-EGARAN\app\Database\Migrations\2025-08-21-080544_CreateSubmissionsTable.php(44): CodeIgniter\Database\Forge->dropTable('submissions')
#5 C:\xampp1\htdocs\ITE311-EGARAN\system\Database\MigrationRunner.php(876): App\Database\Migrations\CreateSubmissionsTable->down()
#6 C:\xampp1\htdocs\ITE311-EGARAN\system\Database\MigrationRunner.php(289): CodeIgniter\Database\MigrationRunner->migrate('down', Object(stdClass))
#7 C:\xampp1\htdocs\ITE311-EGARAN\system\Commands\Database\MigrateRollback.php(101): CodeIgniter\Database\MigrationRunner->regress(0)
#8 C:\xampp1\htdocs\ITE311-EGARAN\system\CLI\Commands.php(74): CodeIgniter\Commands\Database\MigrateRollback->run(Array)
#9 C:\xampp1\htdocs\ITE311-EGARAN\system\CLI\BaseCommand.php(119): CodeIgniter\CLI\Commands->run('migrate:rollbac...', Array)
#10 C:\xampp1\htdocs\ITE311-EGARAN\system\Commands\Database\MigrateRefresh.php(86): CodeIgniter\CLI\BaseCommand->call('migrate:rollbac...', Array)
#11 C:\xampp1\htdocs\ITE311-EGARAN\system\CLI\Commands.php(74): CodeIgniter\Commands\Database\MigrateRefresh->run(Array)
#12 C:\xampp1\htdocs\ITE311-EGARAN\system\CLI\Console.php(47): CodeIgniter\CLI\Commands->run('migrate:refresh', Array)
#13 C:\xampp1\htdocs\ITE311-EGARAN\system\Boot.php(388): CodeIgniter\CLI\Console->run()
#14 C:\xampp1\htdocs\ITE311-EGARAN\system\Boot.php(133): CodeIgniter\Boot::runCommand(Object(CodeIgniter\CLI\Console))
#15 C:\xampp1\htdocs\ITE311-EGARAN\spark(87): CodeIgniter\Boot::bootSpark(Object(Config\Paths))
#16 {main}
