ERROR - 2025-11-28 06:53:43 --> mysqli_sql_exception: Unknown column 'course_name' in 'where clause' in C:\xampp1\htdocs\ITE311-EGARAN\system\Database\MySQLi\Connection.php:327
Stack trace:
#0 C:\xampp1\htdocs\ITE311-EGARAN\system\Database\MySQLi\Connection.php(327): mysqli->query('SELECT *\nFROM `...', 0)
#1 C:\xampp1\htdocs\ITE311-EGARAN\system\Database\BaseConnection.php(729): CodeIgniter\Database\MySQLi\Connection->execute('SELECT *\nFROM `...')
#2 C:\xampp1\htdocs\ITE311-EGARAN\system\Database\BaseConnection.php(646): CodeIgniter\Database\BaseConnection->simpleQuery('SELECT *\nFROM `...')
#3 C:\xampp1\htdocs\ITE311-EGARAN\system\Database\BaseBuilder.php(1649): CodeIgniter\Database\BaseConnection->query('SELECT *\nFROM `...', Array, false)
#4 C:\xampp1\htdocs\ITE311-EGARAN\app\Models\CourseModel.php(37): CodeIgniter\Database\BaseBuilder->get()
#5 C:\xampp1\htdocs\ITE311-EGARAN\app\Controllers\Course.php(80): App\Models\CourseModel->search('ad')
#6 C:\xampp1\htdocs\ITE311-EGARAN\system\CodeIgniter.php(933): App\Controllers\Course->search()
#7 C:\xampp1\htdocs\ITE311-EGARAN\system\CodeIgniter.php(507): CodeIgniter\CodeIgniter->runController(Object(App\Controllers\Course))
#8 C:\xampp1\htdocs\ITE311-EGARAN\system\CodeIgniter.php(354): CodeIgniter\CodeIgniter->handleRequest(NULL, Object(Config\Cache), false)
#9 C:\xampp1\htdocs\ITE311-EGARAN\system\Boot.php(363): CodeIgniter\CodeIgniter->run()
#10 C:\xampp1\htdocs\ITE311-EGARAN\system\Boot.php(68): CodeIgniter\Boot::runCodeIgniter(Object(CodeIgniter\CodeIgniter))
#11 C:\xampp1\htdocs\ITE311-EGARAN\index.php(59): CodeIgniter\Boot::bootWeb(Object(Config\Paths))
#12 {main}
CRITICAL - 2025-11-28 06:53:43 --> CodeIgniter\Database\Exceptions\DatabaseException: Unknown column 'course_name' in 'where clause'
[Method: GET, Route: course/search]
in SYSTEMPATH\Database\BaseConnection.php on line 684.
 1 SYSTEMPATH\Database\BaseBuilder.php(1649): CodeIgniter\Database\BaseConnection->query('SELECT *
FROM `courses`
WHERE   (
`course_name` LIKE :course_name: ESCAPE \'!\'
OR  `course_description` LIKE :course_description: ESCAPE \'!\'
 )
ORDER BY `course_name` ASC', [...], false)
 2 APPPATH\Models\CourseModel.php(37): CodeIgniter\Database\BaseBuilder->get()
 3 APPPATH\Controllers\Course.php(80): App\Models\CourseModel->search('ad')
 4 SYSTEMPATH\CodeIgniter.php(933): App\Controllers\Course->search()
 5 SYSTEMPATH\CodeIgniter.php(507): CodeIgniter\CodeIgniter->runController(Object(App\Controllers\Course))
 6 SYSTEMPATH\CodeIgniter.php(354): CodeIgniter\CodeIgniter->handleRequest(null, Object(Config\Cache), false)
 7 SYSTEMPATH\Boot.php(363): CodeIgniter\CodeIgniter->run()
 8 SYSTEMPATH\Boot.php(68): CodeIgniter\Boot::runCodeIgniter(Object(CodeIgniter\CodeIgniter))
 9 FCPATH\index.php(59): CodeIgniter\Boot::bootWeb(Object(Config\Paths))
CRITICAL - 2025-11-28 06:53:43 --> [Caused by] CodeIgniter\Database\Exceptions\DatabaseException: Unknown column 'course_name' in 'where clause'
in SYSTEMPATH\Database\MySQLi\Connection.php on line 332.
 1 SYSTEMPATH\Database\BaseConnection.php(729): CodeIgniter\Database\MySQLi\Connection->execute('SELECT *
FROM `courses`
WHERE   (
`course_name` LIKE \'%ad%\' ESCAPE \'!\'
OR  `course_description` LIKE \'%ad%\' ESCAPE \'!\'
 )
ORDER BY `course_name` ASC')
 2 SYSTEMPATH\Database\BaseConnection.php(646): CodeIgniter\Database\BaseConnection->simpleQuery('SELECT *
FROM `courses`
WHERE   (
`course_name` LIKE \'%ad%\' ESCAPE \'!\'
OR  `course_description` LIKE \'%ad%\' ESCAPE \'!\'
 )
ORDER BY `course_name` ASC')
 3 SYSTEMPATH\Database\BaseBuilder.php(1649): CodeIgniter\Database\BaseConnection->query('SELECT *
FROM `courses`
WHERE   (
`course_name` LIKE :course_name: ESCAPE \'!\'
OR  `course_description` LIKE :course_description: ESCAPE \'!\'
 )
ORDER BY `course_name` ASC', [...], false)
 4 APPPATH\Models\CourseModel.php(37): CodeIgniter\Database\BaseBuilder->get()
 5 APPPATH\Controllers\Course.php(80): App\Models\CourseModel->search('ad')
 6 SYSTEMPATH\CodeIgniter.php(933): App\Controllers\Course->search()
 7 SYSTEMPATH\CodeIgniter.php(507): CodeIgniter\CodeIgniter->runController(Object(App\Controllers\Course))
 8 SYSTEMPATH\CodeIgniter.php(354): CodeIgniter\CodeIgniter->handleRequest(null, Object(Config\Cache), false)
 9 SYSTEMPATH\Boot.php(363): CodeIgniter\CodeIgniter->run()
10 SYSTEMPATH\Boot.php(68): CodeIgniter\Boot::runCodeIgniter(Object(CodeIgniter\CodeIgniter))
11 FCPATH\index.php(59): CodeIgniter\Boot::bootWeb(Object(Config\Paths))
CRITICAL - 2025-11-28 06:53:43 --> [Caused by] mysqli_sql_exception: Unknown column 'course_name' in 'where clause'
in SYSTEMPATH\Database\MySQLi\Connection.php on line 327.
 1 SYSTEMPATH\Database\MySQLi\Connection.php(327): mysqli->query('SELECT *
FROM `courses`
WHERE   (
`course_name` LIKE \'%ad%\' ESCAPE \'!\'
OR  `course_description` LIKE \'%ad%\' ESCAPE \'!\'
 )
ORDER BY `course_name` ASC', 0)
 2 SYSTEMPATH\Database\BaseConnection.php(729): CodeIgniter\Database\MySQLi\Connection->execute('SELECT *
FROM `courses`
WHERE   (
`course_name` LIKE \'%ad%\' ESCAPE \'!\'
OR  `course_description` LIKE \'%ad%\' ESCAPE \'!\'
 )
ORDER BY `course_name` ASC')
 3 SYSTEMPATH\Database\BaseConnection.php(646): CodeIgniter\Database\BaseConnection->simpleQuery('SELECT *
FROM `courses`
WHERE   (
`course_name` LIKE \'%ad%\' ESCAPE \'!\'
OR  `course_description` LIKE \'%ad%\' ESCAPE \'!\'
 )
ORDER BY `course_name` ASC')
 4 SYSTEMPATH\Database\BaseBuilder.php(1649): CodeIgniter\Database\BaseConnection->query('SELECT *
FROM `courses`
WHERE   (
`course_name` LIKE :course_name: ESCAPE \'!\'
OR  `course_description` LIKE :course_description: ESCAPE \'!\'
 )
ORDER BY `course_name` ASC', [...], false)
 5 APPPATH\Models\CourseModel.php(37): CodeIgniter\Database\BaseBuilder->get()
 6 APPPATH\Controllers\Course.php(80): App\Models\CourseModel->search('ad')
 7 SYSTEMPATH\CodeIgniter.php(933): App\Controllers\Course->search()
 8 SYSTEMPATH\CodeIgniter.php(507): CodeIgniter\CodeIgniter->runController(Object(App\Controllers\Course))
 9 SYSTEMPATH\CodeIgniter.php(354): CodeIgniter\CodeIgniter->handleRequest(null, Object(Config\Cache), false)
10 SYSTEMPATH\Boot.php(363): CodeIgniter\CodeIgniter->run()
11 SYSTEMPATH\Boot.php(68): CodeIgniter\Boot::runCodeIgniter(Object(CodeIgniter\CodeIgniter))
12 FCPATH\index.php(59): CodeIgniter\Boot::bootWeb(Object(Config\Paths))
